autoscan: warning: missing AC_CHECK_FUNCS([memset]) wanted by: 
	main/TcpUser.cpp:108
	main/TcpUser.cpp:138
autoscan: warning: missing AC_CHECK_FUNCS([sqrt]) wanted by: 
	astar0422.cpp:146
	main/Guide.cpp:100
	main/Util.cpp:182
	main/Util.cpp:182
autoscan: warning: missing AC_CHECK_HEADERS([malloc.h]) wanted by: 
	include/DBAnaysisData.h:9
	doc/DBAnaysisData.h:7
autoscan: warning: missing AC_CHECK_HEADERS([netinet/in.h]) wanted by: 
	testClient/client.cpp:7
autoscan: warning: missing AC_C_INLINE wanted by: 
	include/DBAnaysisData.h:99
	include/DBAnaysisData.h:102
	include/json/value.h:384
	include/json/value.h:389
	include/json/value.h:394
	include/json/value.h:399
	doc/DBAnaysisData.h:72
	doc/DBAnaysisData.h:75
autoscan: warning: missing AC_HEADER_STDBOOL wanted by: 
	astar0422.cpp:178
	astar0422.cpp:216
	include/Guide.h:82
	include/Guide.h:85
	include/json/writer.h:44
	include/json/writer.h:81
	include/json/writer.h:89
	include/json/writer.h:99
	include/json/writer.h:139
	include/json/writer.h:147
	include/json/writer.h:157
	include/json/writer.h:163
	include/json/value.h:30
	include/json/value.h:148
	include/json/value.h:149
	include/json/value.h:152
	include/json/value.h:205
	include/json/value.h:217
	include/json/value.h:218
	include/json/value.h:219
	include/json/value.h:220
	include/json/value.h:222
	include/json/value.h:223
	include/json/value.h:235
	include/json/value.h:237
	include/json/value.h:238
	include/json/value.h:239
	include/json/value.h:240
	include/json/value.h:241
	include/json/value.h:242
	include/json/value.h:243
	include/json/value.h:244
	include/json/value.h:245
	include/json/value.h:246
	include/json/value.h:248
	include/json/value.h:255
	include/json/value.h:258
	include/json/value.h:287
	include/json/value.h:341
	include/json/value.h:343
	include/json/value.h:346
	include/json/value.h:367
	include/json/value.h:381
	include/json/value.h:384
	include/json/value.h:389
	include/json/value.h:394
	include/json/value.h:399
	include/json/value.h:430
	include/json/value.h:440
	include/json/value.h:666
	include/json/value.h:668
	include/json/value.h:675
	include/json/value.h:686
	include/json/value.h:691
	include/json/value.h:701
	include/json/value.h:706
	include/json/value.h:770
	include/json/value.h:894
	include/json/value.h:899
	include/json/value.h:927
	include/json/value.h:935
	include/json/value.h:942
	include/json/features.h:34
	include/json/features.h:37
	include/json/reader.h:42
	include/json/reader.h:44
	include/json/reader.h:56
	include/json/reader.h:58
	include/json/reader.h:62
	include/json/reader.h:64
	include/json/reader.h:110
	include/json/reader.h:111
	include/json/reader.h:113
	include/json/reader.h:115
	include/json/reader.h:116
	include/json/reader.h:117
	include/json/reader.h:118
	include/json/reader.h:120
	include/json/reader.h:121
	include/json/reader.h:122
	include/json/reader.h:123
	include/json/reader.h:124
	include/json/reader.h:125
	include/json/reader.h:126
	include/json/reader.h:127
	include/json/reader.h:131
	include/json/reader.h:135
	include/json/reader.h:138
	include/json/reader.h:139
	include/json/reader.h:165
	main/Guide.cpp:91
	main/Guide.cpp:132
	main/Guide.cpp:170
	main/DBAnaysisData.cpp:107
	main/DBAnaysisData.cpp:108
	astar0422.cpp:183
	astar0422.cpp:216
	include/json/value.h:254
	include/json/features.h:36
	main/Guide.cpp:93
	main/Guide.cpp:137
	main/Guide.cpp:170
	main/Guide.cpp:272
	main/Locate.cpp:19
	main/DBAnaysisData.cpp:107
	main/DBAnaysisData.cpp:108
	main/DBAnaysisData.cpp:114
	main/DBAnaysisData.cpp:185
	main/DBAnaysisData.cpp:238
	main/DBAnaysisData.cpp:291
	main/DBAnaysisData.cpp:346
	main/DBAnaysisData.cpp:395
	main/DBAnaysisData.cpp:446
	main/DBAnaysisData.cpp:512
	doc/DBAnaysisData.cpp:122
	doc/DBAnaysisData.cpp:163
	doc/DBAnaysisData.cpp:217
	doc/DBAnaysisData.cpp:272
	astar0422.cpp:210
	astar0422.cpp:225
	astar0422.cpp:315
	astar0422.cpp:334
	include/json/value.h:253
	include/json/value.h:286
	include/json/value.h:340
	include/json/value.h:342
	include/json/value.h:345
	include/json/value.h:389
	include/json/features.h:33
	include/json/features.h:33
	include/json/features.h:36
	include/json/reader.h:44
	include/json/reader.h:58
	include/json/reader.h:64
	main/Guide.cpp:94
	main/Guide.cpp:164
	main/Guide.cpp:179
	main/DBAnaysisData.cpp:124
	main/DBAnaysisData.cpp:132
	main/DBAnaysisData.cpp:136
	main/DBAnaysisData.cpp:136
	main/main.cpp:102
	main/main.cpp:160
	main/main.cpp:192
autoscan: warning: missing AC_TYPE_SIZE_T wanted by: 
	include/json/value.h:882
	include/json/value.h:953
	include/json/value.h:1011
